<?xml version="1.0" encoding="UTF-8"?>
<testng-results ignored="0" total="1" passed="0" failed="1" skipped="0">
  <reporter-output>
  </reporter-output>
  <suite started-at="2025-10-05T11:07:19 IST" name="DP1 Suite" finished-at="2025-10-05T11:07:41 IST" duration-ms="21514">
    <groups>
      <group name="cucumber">
        <method signature="AbstractTestNGCucumberTests.runScenario(io.cucumber.testng.PickleWrapper,io.cucumber.testng.FeatureWrapper)[pri:0, instance:com.nba.automation.DP1.runner.DP1TestRunner@7c7b252e]" name="runScenario" class="io.cucumber.testng.AbstractTestNGCucumberTests"/>
      </group> <!-- cucumber -->
    </groups>
    <test started-at="2025-10-05T11:07:19 IST" name="Derived Product1 Tests" finished-at="2025-10-05T11:07:41 IST" duration-ms="21514">
      <class name="com.nba.automation.DP1.runner.DP1TestRunner">
        <test-method is-config="true" signature="setUpClass(org.testng.ITestContext)[pri:0, instance:com.nba.automation.DP1.runner.DP1TestRunner@7c7b252e]" started-at="2025-10-05T11:07:19 IST" name="setUpClass" finished-at="2025-10-05T11:07:20 IST" duration-ms="880" status="PASS">
          <params>
            <param index="0">
              <value>
                <![CDATA[org.testng.TestRunner@10aa41f2]]>
              </value>
            </param>
          </params>
          <reporter-output>
          </reporter-output>
        </test-method> <!-- setUpClass -->
        <test-method is-config="true" signature="setUp(java.lang.String)[pri:0, instance:com.nba.automation.DP1.runner.DP1TestRunner@7c7b252e]" started-at="2025-10-05T11:07:20 IST" name="setUp" finished-at="2025-10-05T11:07:25 IST" duration-ms="4396" status="PASS">
          <params>
            <param index="0">
              <value>
                <![CDATA[chrome]]>
              </value>
            </param>
          </params>
          <reporter-output>
          </reporter-output>
        </test-method> <!-- setUp -->
        <test-method signature="runScenario(io.cucumber.testng.PickleWrapper,io.cucumber.testng.FeatureWrapper)[pri:0, instance:com.nba.automation.DP1.runner.DP1TestRunner@7c7b252e]" started-at="2025-10-05T11:07:25 IST" name="runScenario" description="Runs Cucumber Scenarios" data-provider="scenarios" finished-at="2025-10-05T11:07:38 IST" duration-ms="13569" status="FAIL">
          <params>
            <param index="0">
              <value>
                <![CDATA["Count slides, validate titles and durations under Tickets Menu on DP1 homepage"]]>
              </value>
            </param>
            <param index="1">
              <value>
                <![CDATA["Validate Slides on DP1 Home Page"]]>
              </value>
            </param>
          </params>
          <exception class="java.lang.AssertionError">
            <message>
              <![CDATA[Slide 1 duration mismatch: expected 6.00s but was 3.19s]]>
            </message>
            <full-stacktrace>
              <![CDATA[java.lang.AssertionError: Slide 1 duration mismatch: expected 6.00s but was 3.19s
at com.nba.automation.DP1.pages.DP1HomePage.validateSlideDurations(DP1HomePage.java:67)
at com.nba.automation.DP1.steps.DP1SlidesSteps.i_validate_the_slide_durations_with_expected_data(DP1SlidesSteps.java:71)
at ✽.I validate the slide durations with expected data(file:///Users/nsgoud/eclipse-workspace/NBA-Automation/derived-product1-tests/src/test/resources/features/DP1_Home.feature:10)
]]>
            </full-stacktrace>
          </exception> <!-- java.lang.AssertionError -->
          <reporter-output>
          </reporter-output>
        </test-method> <!-- runScenario -->
        <test-method is-config="true" signature="tearDown()[pri:0, instance:com.nba.automation.DP1.runner.DP1TestRunner@7c7b252e]" started-at="2025-10-05T11:07:38 IST" name="tearDown" finished-at="2025-10-05T11:07:41 IST" duration-ms="2154" status="PASS">
          <reporter-output>
          </reporter-output>
        </test-method> <!-- tearDown -->
        <test-method is-config="true" signature="tearDownClass()[pri:0, instance:com.nba.automation.DP1.runner.DP1TestRunner@7c7b252e]" started-at="2025-10-05T11:07:41 IST" name="tearDownClass" finished-at="2025-10-05T11:07:41 IST" duration-ms="263" status="PASS">
          <reporter-output>
          </reporter-output>
        </test-method> <!-- tearDownClass -->
      </class> <!-- com.nba.automation.DP1.runner.DP1TestRunner -->
    </test> <!-- Derived Product1 Tests -->
  </suite> <!-- DP1 Suite -->
</testng-results>
