<?xml version="1.0" encoding="UTF-8"?>
<!-- Generated by org.testng.reporters.JUnitReportReporter -->
<testsuite hostname="APPLEs-MacBook-Air.local" failures="1" tests="1" name="com.nba.automation.DP1.runner.DP1TestRunner" time="13.569" errors="0" timestamp="2025-10-05T11:07:41 IST" skipped="0">
  <testcase classname="com.nba.automation.DP1.runner.DP1TestRunner" name="runScenario" time="13.569">
    <failure message="Slide 1 duration mismatch: expected 6.00s but was 3.19s" type="java.lang.AssertionError">
      <![CDATA[java.lang.AssertionError: Slide 1 duration mismatch: expected 6.00s but was 3.19s
at com.nba.automation.DP1.pages.DP1HomePage.validateSlideDurations(DP1HomePage.java:67)
at com.nba.automation.DP1.steps.DP1SlidesSteps.i_validate_the_slide_durations_with_expected_data(DP1SlidesSteps.java:71)
at ✽.I validate the slide durations with expected data(file:///Users/nsgoud/eclipse-workspace/NBA-Automation/derived-product1-tests/src/test/resources/features/DP1_Home.feature:10)
]]>
    </failure>
  </testcase> <!-- runScenario -->
</testsuite> <!-- com.nba.automation.DP1.runner.DP1TestRunner -->
