<?xml version="1.0" encoding="UTF-8"?>
<testng-results ignored="0" total="1" passed="1" failed="0" skipped="0">
  <reporter-output>
  </reporter-output>
  <suite started-at="2025-10-05T18:48:23 IST" name="CP Suite" finished-at="2025-10-05T18:48:47 IST" duration-ms="24640">
    <groups>
      <group name="cucumber">
        <method signature="AbstractTestNGCucumberTests.runScenario(io.cucumber.testng.PickleWrapper,io.cucumber.testng.FeatureWrapper)[pri:0, instance:com.nba.automation.coreproduct.runner.CPTestRunner@7c7b252e]" name="runScenario" class="io.cucumber.testng.AbstractTestNGCucumberTests"/>
      </group> <!-- cucumber -->
    </groups>
    <test started-at="2025-10-05T18:48:23 IST" name="Core Product Tests" finished-at="2025-10-05T18:48:47 IST" duration-ms="24640">
      <class name="com.nba.automation.coreproduct.runner.CPTestRunner">
        <test-method is-config="true" signature="setUpClass(org.testng.ITestContext)[pri:0, instance:com.nba.automation.coreproduct.runner.CPTestRunner@7c7b252e]" started-at="2025-10-05T18:48:23 IST" name="setUpClass" finished-at="2025-10-05T18:48:23 IST" duration-ms="798" status="PASS">
          <params>
            <param index="0">
              <value>
                <![CDATA[org.testng.TestRunner@31f9b85e]]>
              </value>
            </param>
          </params>
          <reporter-output>
          </reporter-output>
        </test-method> <!-- setUpClass -->
        <test-method is-config="true" signature="setUp(java.lang.String)[pri:0, instance:com.nba.automation.coreproduct.runner.CPTestRunner@7c7b252e]" started-at="2025-10-05T18:48:23 IST" name="setUp" finished-at="2025-10-05T18:48:28 IST" duration-ms="4136" status="PASS">
          <params>
            <param index="0">
              <value>
                <![CDATA[chrome]]>
              </value>
            </param>
          </params>
          <reporter-output>
          </reporter-output>
        </test-method> <!-- setUp -->
        <test-method signature="runScenario(io.cucumber.testng.PickleWrapper,io.cucumber.testng.FeatureWrapper)[pri:0, instance:com.nba.automation.coreproduct.runner.CPTestRunner@7c7b252e]" started-at="2025-10-05T18:48:28 IST" name="runScenario" description="Runs Cucumber Scenarios" data-provider="scenarios" finished-at="2025-10-05T18:48:46 IST" duration-ms="18766" status="PASS">
          <params>
            <param index="0">
              <value>
                <![CDATA["List all jackets with details across paginated pages"]]>
              </value>
            </param>
            <param index="1">
              <value>
                <![CDATA["Core Product Shop - Jackets Listing"]]>
              </value>
            </param>
          </params>
          <reporter-output>
          </reporter-output>
        </test-method> <!-- runScenario -->
        <test-method is-config="true" signature="tearDown()[pri:0, instance:com.nba.automation.coreproduct.runner.CPTestRunner@7c7b252e]" started-at="2025-10-05T18:48:46 IST" name="tearDown" finished-at="2025-10-05T18:48:47 IST" duration-ms="784" status="PASS">
          <reporter-output>
          </reporter-output>
        </test-method> <!-- tearDown -->
        <test-method is-config="true" signature="tearDownClass()[pri:0, instance:com.nba.automation.coreproduct.runner.CPTestRunner@7c7b252e]" started-at="2025-10-05T18:48:47 IST" name="tearDownClass" finished-at="2025-10-05T18:48:47 IST" duration-ms="90" status="PASS">
          <reporter-output>
          </reporter-output>
        </test-method> <!-- tearDownClass -->
      </class> <!-- com.nba.automation.coreproduct.runner.CPTestRunner -->
    </test> <!-- Core Product Tests -->
  </suite> <!-- CP Suite -->
</testng-results>
