<?xml version="1.0" encoding="UTF-8"?>
<!-- Generated by org.testng.reporters.JUnitXMLReporter -->
<testsuite ignored="0" hostname="APPLEs-MacBook-Air.local" failures="1" tests="1" name="Default test" time="25.016" errors="0" timestamp="2025-10-03T20:37:18 IST">
  <testcase classname="io.cucumber.testng.AbstractTestNGCucumberTests" name="runScenario" time="23.419">
    <failure type="java.lang.AssertionError" message="Slide 1 duration mismatch: expected 10.00s but was 1.58s">
      <![CDATA[java.lang.AssertionError: Slide 1 duration mismatch: expected 10.00s but was 1.58s
at com.nba.automation.DP1.pages.DP1HomePage.validateSlideDurations(DP1HomePage.java:67)
at com.nba.automation.DP1.steps.DP1SlidesSteps.i_validate_the_slide_durations_with_expected_data(DP1SlidesSteps.java:63)
at ✽.I validate the slide durations with expected data(file:///Users/nsgoud/eclipse-workspace/NBA-Automation/derived-product1-tests/src/test/resources/features/DP1_Home.feature:10)
]]>
    </failure>
  </testcase> <!-- runScenario -->
</testsuite> <!-- Default test -->
