<?xml version="1.0" encoding="UTF-8"?>
<!-- Generated by org.testng.reporters.JUnitReportReporter -->
<testsuite hostname="APPLEs-MacBook-Air.local" failures="0" tests="2" name="com.nba.automation.coreproduct.runner.CPTestRunner" time="40.424" errors="0" timestamp="2025-10-05T18:57:01 IST" skipped="0">
  <testcase classname="com.nba.automation.coreproduct.runner.CPTestRunner" name="runScenario" time="24.280"/>
  <testcase classname="com.nba.automation.coreproduct.runner.CPTestRunner" name="runScenario" time="16.144"/>
</testsuite> <!-- com.nba.automation.coreproduct.runner.CPTestRunner -->
