<?xml version="1.0" encoding="UTF-8"?>
<testng-results ignored="0" total="1" passed="1" failed="0" skipped="0">
  <reporter-output>
  </reporter-output>
  <suite started-at="2025-10-05T18:58:55 IST" name="DP2 Suite" finished-at="2025-10-05T18:59:09 IST" duration-ms="14138">
    <groups>
      <group name="cucumber">
        <method signature="AbstractTestNGCucumberTests.runScenario(io.cucumber.testng.PickleWrapper,io.cucumber.testng.FeatureWrapper)[pri:0, instance:com.nba.automation.DP2.runner.DP2TestRunner@2c767a52]" name="runScenario" class="io.cucumber.testng.AbstractTestNGCucumberTests"/>
      </group> <!-- cucumber -->
    </groups>
    <test started-at="2025-10-05T18:58:55 IST" name="Derived Product2 Tests" finished-at="2025-10-05T18:59:09 IST" duration-ms="14138">
      <class name="com.nba.automation.DP2.runner.DP2TestRunner">
        <test-method is-config="true" signature="setUpClass(org.testng.ITestContext)[pri:0, instance:com.nba.automation.DP2.runner.DP2TestRunner@2c767a52]" started-at="2025-10-05T18:58:55 IST" name="setUpClass" finished-at="2025-10-05T18:58:56 IST" duration-ms="978" status="PASS">
          <params>
            <param index="0">
              <value>
                <![CDATA[org.testng.TestRunner@443118b0]]>
              </value>
            </param>
          </params>
          <reporter-output>
          </reporter-output>
        </test-method> <!-- setUpClass -->
        <test-method is-config="true" signature="setUp(java.lang.String)[pri:0, instance:com.nba.automation.DP2.runner.DP2TestRunner@2c767a52]" started-at="2025-10-05T18:58:56 IST" name="setUp" finished-at="2025-10-05T18:59:01 IST" duration-ms="4502" status="PASS">
          <params>
            <param index="0">
              <value>
                <![CDATA[chrome]]>
              </value>
            </param>
          </params>
          <reporter-output>
          </reporter-output>
        </test-method> <!-- setUp -->
        <test-method signature="runScenario(io.cucumber.testng.PickleWrapper,io.cucumber.testng.FeatureWrapper)[pri:0, instance:com.nba.automation.DP2.runner.DP2TestRunner@2c767a52]" started-at="2025-10-05T18:59:01 IST" name="runScenario" description="Runs Cucumber Scenarios" data-provider="scenarios" finished-at="2025-10-05T18:59:09 IST" duration-ms="8109" status="PASS">
          <params>
            <param index="0">
              <value>
                <![CDATA["Validate footer hyperlinks on DP2 homepage"]]>
              </value>
            </param>
            <param index="1">
              <value>
                <![CDATA["DP2 Home Page Footer Validation"]]>
              </value>
            </param>
          </params>
          <reporter-output>
          </reporter-output>
        </test-method> <!-- runScenario -->
        <test-method is-config="true" signature="tearDown()[pri:0, instance:com.nba.automation.DP2.runner.DP2TestRunner@2c767a52]" started-at="2025-10-05T18:59:09 IST" name="tearDown" finished-at="2025-10-05T18:59:09 IST" duration-ms="389" status="PASS">
          <reporter-output>
          </reporter-output>
        </test-method> <!-- tearDown -->
        <test-method is-config="true" signature="tearDownClass()[pri:0, instance:com.nba.automation.DP2.runner.DP2TestRunner@2c767a52]" started-at="2025-10-05T18:59:09 IST" name="tearDownClass" finished-at="2025-10-05T18:59:09 IST" duration-ms="101" status="PASS">
          <reporter-output>
          </reporter-output>
        </test-method> <!-- tearDownClass -->
      </class> <!-- com.nba.automation.DP2.runner.DP2TestRunner -->
    </test> <!-- Derived Product2 Tests -->
  </suite> <!-- DP2 Suite -->
</testng-results>
