<?xml version="1.0" encoding="UTF-8"?>
<testsuite xmlns:xsi="http://www.w3.org/2001/XMLSchema-instance" xsi:noNamespaceSchemaLocation="https://maven.apache.org/surefire/maven-surefire-plugin/xsd/surefire-test-report-3.0.xsd" version="3.0" name="TestSuite" time="15.109" tests="1" errors="0" skipped="0" failures="0">
  <properties>
[...]
</properties>
  <testcase name="runScenario[&quot;Validate footer hyperlinks on DP2 homepage&quot;, &quot;DP2 Home Page Footer Validation&quot;](1)" classname="com.nba.automation.DP2.runner.DP2TestRunner" time="8.111">
    <system-out><![CDATA[browser value is: chrome

@sanity
Scenario: Validate footer hyperlinks on DP2 homepage              # file:///Users/nsgoud/eclipse-workspace/NBA-Automation/derived-product2-tests/src/test/resources/features/DP2_Home.feature:5
  ✔ Given I navigate to the DP2 homepage                          # com.nba.automation.DP2.steps.DP2Steps.i_navigate_to_the_dp2_homepage()
  ✔ When I scroll down to the footer section                      # com.nba.automation.DP2.steps.DP2Steps.i_scroll_down_to_the_footer_section()
Extracted footer hyperlinks count: 47
/bulls/roster
/stats/team/1610612741/traditional/
/bulls/leaders
/bulls/chicago-bulls-staff-directory
/bulls/careers
https://am.ticketmaster.com/bulls/?wt.mc_id=NBA_TEAM_CHI_AM_PAGE&_ga=2.52805288.1618705923.1655777842-2053900119.1655777842
/bulls/schedule
/bulls/tickets/seasons
/bulls/tickets/single
/bulls/tickets/groups
/bulls/tickets/family-ticket-packs
/bulls/tickets/student-pass
/bulls/splashzone
https://cdn.nba.com/teams/uploads/sites/1610612741/2025/09/Bulls_2526_Schedule_2025_0923_b.pdf
https://windycity.gleague.nba.com/tickets/
https://shop.bulls.com/collections/jerseys
https://shop.bulls.com/collections/hats
https://shop.bulls.com/collections/mens-apparel
https://shop.bulls.com/collections/womens-apparel
https://shop.bulls.com/collections/youth-shirts
http://www.madhouseteamstore.com/
/bulls/community/fan-experiences
https://bullsraffle.com/
https://chibullsdigital.com/docs/cr/Community_Impact_Report_24_25.pdf
http://www.unitedcenter.com/venue/seating-charts/
/bulls/tickets/united-center-parking
http://www.unitedcenter.com/venue/rideshare/
http://www.unitedcenter.com/venue/dining/
/bulls/sam-smith
/bulls/partner-news
/bulls/
/bulls/game-notes
https://www.facebook.com/chicagobulls
https://twitter.com/chicagobulls
https://www.instagram.com/chicagobulls/
https://www.youtube.com/chicagobulls
https://www.tiktok.com/@chicagobulls
/privacy-policy
/termsofuse
https://support.watch.nba.com/hc/en-us
/accessibility
/cookiepolicy
/eeaukprivacy
/brazilprivacy
/caprivacy
/coprivacy
https://www.nba.com/accessibility
  ✔ Then I extract all footer hyperlinks                          # com.nba.automation.DP2.steps.DP2Steps.i_extract_all_footer_hyperlinks()
Footer links written to CSV: footer_links.csv
No duplicate footer links found.
  ✔ And I write footer links to CSV file and check for duplicates # com.nba.automation.DP2.steps.DP2Steps.i_write_footer_links_to_csv_file_and_check_for_duplicates()
]]></system-out>
    <system-err><![CDATA[SLF4J(W): No SLF4J providers were found.
SLF4J(W): Defaulting to no-operation (NOP) logger implementation
SLF4J(W): See https://www.slf4j.org/codes.html#noProviders for further details.
Oct 05, 2025 6:59:00 PM org.openqa.selenium.devtools.CdpVersionFinder findNearestMatch
WARNING: Unable to find CDP implementation matching 141
Oct 05, 2025 6:59:00 PM org.openqa.selenium.chromium.ChromiumDriver lambda$new$4
WARNING: Unable to find version of CDP to use for 141.0.7390.55. You may need to include a dependency on a specific version of the CDP using something similar to `org.seleniumhq.selenium:selenium-devtools-v86:4.32.0` where the version ("v86") matches the version of the chromium-based browser you're using and the version number of the artifact is the same as Selenium's.
]]></system-err>
  </testcase>
</testsuite>